2018-03-22T16:23:59+00:00 CRITICAL Maximum execution time of 30 seconds exceeded

2018-03-22T16:25:56+00:00 CRITICAL Maximum execution time of 30 seconds exceeded

2018-04-05T12:05:20+00:00 CRITICAL Maximum execution time of 30 seconds exceeded

2018-04-06T13:46:39+00:00 CRITICAL Maximum execution time of 30 seconds exceeded

2018-04-09T17:30:29+00:00 CRITICAL Maximum execution time of 30 seconds exceeded

2018-04-10T14:52:56+00:00 CRITICAL Maximum execution time of 30 seconds exceeded

2018-04-23T10:06:01+00:00 CRITICAL Maximum execution time of 30 seconds exceeded

2018-04-24T11:17:06+00:00 CRITICAL Maximum execution time of 30 seconds exceeded

2018-04-25T10:13:48+00:00 CRITICAL Call to undefined function get_catalog_visibility()

2018-04-25T10:16:06+00:00 CRITICAL Call to undefined function get_catalog_visibility()

2018-04-25T10:16:11+00:00 CRITICAL Call to undefined function get_catalog_visibility()

2018-04-25T10:16:37+00:00 CRITICAL Call to undefined function get_catalog_visibility()

2018-04-25T10:16:44+00:00 CRITICAL Call to undefined function get_catalog_visibility()

2018-04-25T14:41:33+00:00 CRITICAL Call to undefined function copia()

2018-04-25T15:48:20+00:00 CRITICAL Call to undefined function copia()

2018-04-26T09:38:15+00:00 CRITICAL Maximum execution time of 30 seconds exceeded

2018-04-26T09:38:15+00:00 CRITICAL Maximum execution time of 30 seconds exceeded

2018-04-26T09:40:32+00:00 CRITICAL Call to undefined function get_user_id()

2018-04-26T09:40:40+00:00 CRITICAL Call to undefined function get_user_id()

2018-04-26T10:46:40+00:00 CRITICAL Call to undefined function get_user_id()

2018-04-26T11:04:47+00:00 CRITICAL Call to undefined method WP_Post::get_current_user_id()

2018-04-26T15:14:38+00:00 CRITICAL Call to undefined function get_order_number()

2018-04-26T15:18:35+00:00 CRITICAL Call to undefined function wc_get_order_name()

2018-04-26T15:35:24+00:00 CRITICAL Call to undefined function wc_get_order_number()

2018-04-28T20:16:53+00:00 CRITICAL Maximum execution time of 30 seconds exceeded

2018-04-28T20:18:31+00:00 CRITICAL Call to a member function get_items() on boolean

2018-04-30T14:51:58+00:00 CRITICAL Call to a member function get_items() on boolean

2018-04-30T14:52:25+00:00 CRITICAL Call to a member function get_items() on boolean

2018-04-30T14:54:12+00:00 CRITICAL Call to a member function get_items() on boolean

2018-04-30T14:56:37+00:00 CRITICAL Call to a member function get_items() on string

2018-04-30T14:57:11+00:00 CRITICAL Call to a member function get_items() on integer

2018-04-30T14:57:37+00:00 CRITICAL Call to a member function get_items() on integer

2018-04-30T15:12:14+00:00 CRITICAL Call to a member function get_items() on boolean

2018-04-30T15:35:25+00:00 CRITICAL Call to undefined method WC_Order_Item_Product::product_cat()

2018-04-30T15:35:56+00:00 CRITICAL Call to undefined method WC_Order_Item_Product::product_cat_id()

2018-04-30T15:36:50+00:00 CRITICAL Call to undefined method WC_Order_Item_Product::get_categories()

2018-05-01T12:29:38+00:00 CRITICAL Maximum execution time of 30 seconds exceeded

2018-05-02T14:39:42+00:00 CRITICAL Call to undefined method WC_Order_Item_Product::wp_get_post_terms()

2018-05-02T14:41:02+00:00 CRITICAL Call to a member function wp_get_post_terms() on integer

2018-05-02T14:42:46+00:00 CRITICAL Call to undefined method WC_Order_Item_Product::wc_get_post_terms()

2018-05-02T14:45:44+00:00 CRITICAL Call to undefined method WC_Order_Item_Product::wc_get_post_terms()

2018-05-02T14:48:04+00:00 CRITICAL Call to undefined method WC_Order_Item_Product::wc_get_post_terms()

2018-05-02T15:27:10+00:00 CRITICAL Call to undefined method WC_Order_Item_Product::get_term_by()

2018-05-02T15:27:42+00:00 CRITICAL Call to undefined method WC_Order_Item_Product::get_term_by()

2018-05-02T15:27:47+00:00 CRITICAL Call to undefined method WC_Order_Item_Product::get_term_by()

2018-05-02T15:27:52+00:00 CRITICAL Call to undefined method WC_Order_Item_Product::get_term_by()

2018-05-02T15:35:47+00:00 CRITICAL Call to undefined method WC_Order_Item_Product::wc_get_product_category_list()

2018-05-07T15:50:41+00:00 CRITICAL Maximum execution time of 30 seconds exceeded

2018-05-07T18:26:59+00:00 CRITICAL Call to a member function get_name() on string

2018-05-08T10:33:52+00:00 CRITICAL Call to undefined method WC_Order_Item_Product::get_cat_name()

2018-05-08T11:25:03+00:00 CRITICAL Call to undefined function get()

2018-05-08T11:27:40+00:00 CRITICAL Call to undefined method WC_Order_Item_Product::wc_get_product_id()

2018-05-08T11:27:53+00:00 CRITICAL Call to undefined function get()

2018-05-08T11:41:57+00:00 CRITICAL Call to undefined function wc_get_product_category()

2018-05-08T14:08:59+00:00 CRITICAL Maximum execution time of 30 seconds exceeded

2018-05-08T15:27:48+00:00 CRITICAL Function name must be a string

2018-05-08T15:28:51+00:00 CRITICAL Function name must be a string

2018-05-08T15:29:36+00:00 CRITICAL Function name must be a string

2018-05-09T09:37:51+00:00 CRITICAL Maximum execution time of 30 seconds exceeded

2018-05-09T10:10:01+00:00 CRITICAL Call to undefined function name()

2018-05-09T14:16:35+00:00 CRITICAL Maximum execution time of 30 seconds exceeded

2018-05-09T14:46:00+00:00 CRITICAL Call to undefined function get_items()

2018-05-09T15:50:22+00:00 CRITICAL Maximum execution time of 30 seconds exceeded

2018-05-09T16:21:21+00:00 CRITICAL Maximum execution time of 30 seconds exceeded

2018-05-10T17:28:26+00:00 CRITICAL Call to undefined method WC_Order_Item_Product::get_categories()

2018-05-10T17:47:30+00:00 CRITICAL Call to undefined method WC_Order_Item_Product::get_categories()

2018-05-11T15:51:24+00:00 CRITICAL Maximum execution time of 30 seconds exceeded

2018-05-11T18:43:56+00:00 CRITICAL Maximum execution time of 30 seconds exceeded

2018-05-15T16:01:51+00:00 CRITICAL Maximum execution time of 30 seconds exceeded

2018-05-15T16:02:58+00:00 CRITICAL Maximum execution time of 30 seconds exceeded

2018-05-15T17:30:57+00:00 CRITICAL Maximum execution time of 30 seconds exceeded

2018-05-16T15:50:01+00:00 CRITICAL Maximum execution time of 30 seconds exceeded

2018-05-16T17:42:15+00:00 CRITICAL Maximum execution time of 30 seconds exceeded

2018-05-21T15:45:48+00:00 CRITICAL Maximum execution time of 30 seconds exceeded

2018-05-22T13:49:05+00:00 CRITICAL Call to undefined function interest_post()

2018-05-22T13:49:44+00:00 CRITICAL Call to undefined function interest_post()

2018-05-23T09:14:54+00:00 CRITICAL Maximum execution time of 30 seconds exceeded

2018-05-29T09:44:01+00:00 CRITICAL Function name must be a string

2018-05-29T09:44:07+00:00 CRITICAL Function name must be a string

2018-05-29T09:46:50+00:00 CRITICAL Function name must be a string

2018-05-29T09:47:46+00:00 CRITICAL Function name must be a string

2018-05-31T14:50:20+00:00 CRITICAL Array callback has to contain indices 0 and 1

2018-05-31T15:50:35+00:00 CRITICAL Maximum execution time of 30 seconds exceeded

2018-06-01T14:13:02+00:00 CRITICAL Maximum execution time of 30 seconds exceeded

2018-06-01T14:24:03+00:00 CRITICAL Class 'WP_Session' not found

2018-06-01T14:28:14+00:00 CRITICAL Call to undefined function get_instance()

2018-06-04T15:23:17+00:00 CRITICAL Maximum execution time of 30 seconds exceeded

2018-06-04T15:23:21+00:00 CRITICAL Maximum execution time of 30 seconds exceeded

2018-06-04T15:23:21+00:00 CRITICAL Maximum execution time of 30 seconds exceeded

2018-06-04T15:23:21+00:00 CRITICAL Maximum execution time of 30 seconds exceeded

2018-06-05T08:31:04+00:00 CRITICAL Maximum execution time of 30 seconds exceeded

2018-06-05T08:31:04+00:00 CRITICAL Maximum execution time of 30 seconds exceeded

2018-06-05T14:28:51+00:00 CRITICAL Maximum execution time of 30 seconds exceeded

2018-06-06T14:23:44+00:00 CRITICAL Maximum execution time of 30 seconds exceeded

2018-06-07T14:19:39+00:00 CRITICAL Maximum execution time of 30 seconds exceeded

2018-06-07T16:04:45+00:00 CRITICAL Call to undefined function copia()

2018-06-11T09:15:31+00:00 CRITICAL Maximum execution time of 30 seconds exceeded

2018-06-11T09:16:53+00:00 CRITICAL Maximum execution time of 30 seconds exceeded

2018-06-11T14:09:57+00:00 CRITICAL Maximum execution time of 30 seconds exceeded

2018-06-13T18:59:53+00:00 CRITICAL Cannot use object of type stdClass as array

2018-06-13T19:02:44+00:00 CRITICAL Call to undefined method stdClass::getArrayy()

2018-06-14T13:34:53+00:00 CRITICAL Maximum execution time of 30 seconds exceeded

2018-06-15T11:39:18+00:00 CRITICAL Maximum execution time of 30 seconds exceeded

2018-06-15T11:42:49+00:00 CRITICAL Maximum execution time of 30 seconds exceeded

2018-06-15T11:42:53+00:00 CRITICAL Maximum execution time of 30 seconds exceeded

2018-06-21T14:00:35+00:00 CRITICAL Maximum execution time of 30 seconds exceeded

2018-06-22T15:34:00+00:00 CRITICAL Call to undefined function func()

2018-06-23T14:46:44+00:00 CRITICAL Maximum execution time of 30 seconds exceeded

2018-06-23T14:47:09+00:00 CRITICAL Maximum execution time of 30 seconds exceeded

2018-06-28T18:41:47+00:00 CRITICAL Maximum execution time of 30 seconds exceeded

2018-07-03T14:25:11+00:00 CRITICAL Maximum execution time of 30 seconds exceeded

2018-07-05T09:57:40+00:00 CRITICAL Maximum execution time of 30 seconds exceeded

2018-07-05T16:14:18+00:00 CRITICAL Maximum execution time of 30 seconds exceeded

2018-07-05T16:24:04+00:00 CRITICAL Call to undefined function check_cecked()

2018-07-06T16:00:28+00:00 CRITICAL Maximum execution time of 30 seconds exceeded

2018-07-06T17:37:05+00:00 CRITICAL Call to undefined function attr()

2018-07-09T11:18:10+00:00 CRITICAL Maximum execution time of 30 seconds exceeded

2018-07-11T17:16:22+00:00 CRITICAL Call to undefined function mime_content_type()

2018-07-11T17:18:44+00:00 CRITICAL Call to undefined function mime_content_type()

2018-07-11T17:19:40+00:00 CRITICAL Call to undefined function mime_content_type()

2018-07-11T17:23:25+00:00 CRITICAL Call to undefined function mime_content_type()

2018-07-11T17:25:12+00:00 CRITICAL Call to undefined function mime_content_type()

2018-07-11T17:28:08+00:00 CRITICAL Call to undefined function mime_content_type()

2018-07-11T17:28:42+00:00 CRITICAL Call to undefined function mime_content_type()

2018-07-11T17:34:35+00:00 CRITICAL Call to undefined function mime_content_type()

2018-07-11T17:37:18+00:00 CRITICAL Call to undefined function mime_content_type()

2018-07-11T17:42:33+00:00 CRITICAL Call to undefined function mime_content_type()

2018-07-12T08:26:54+00:00 CRITICAL Maximum execution time of 30 seconds exceeded

2018-07-12T08:48:42+00:00 CRITICAL Call to undefined function mime_content_type()

2018-07-12T08:49:55+00:00 CRITICAL Call to undefined function mime_content_type()

